{
  "MsgId": "3045419225468021757",
  "FromUserName": "@@7f95b1cf95f44063fa7b141c4df9208407d42630038fa983affbb8c8fdd323e8",
  "ToUserName": "@272ce4debfcc76d366b8b7e25298cb0e",
  "MsgType": 1,
  "Content": "@86a8fb41dea37168c559633fbd88eda8e81c52fbf31a9a79068f59c745a95538:<br/>尼玛你们总是发些鸡巴尖叫的视频你妹的",
  "Status": 3,
  "ImgStatus": 1,
  "CreateTime": 1494165304,
  "VoiceLength": 0,
  "PlayLength": 0,
  "FileName": "",
  "FileSize": "",
  "MediaId": "",
  "Url": "",
  "AppMsgType": 0,
  "StatusNotifyCode": 0,
  "StatusNotifyUserName": "",
  "RecommendInfo": {
    "UserName": "",
    "NickName": "",
    "QQNum": 0,
    "Province": "",
    "City": "",
    "Content": "",
    "Signature": "",
    "Alias": "",
    "Scene": 0,
    "VerifyFlag": 0,
    "AttrStatus": 0,
    "Sex": 0,
    "Ticket": "",
    "OpCode": 0
  },
  "ForwardFlag": 0,
  "AppInfo": {
    "AppID": "",
    "Type": 0
  },
  "HasProductId": 0,
  "Ticket": "",
  "ImgHeight": 0,
  "ImgWidth": 0,
  "SubMsgType": 0,
  "NewMsgId": 3045419225468022000,
  "OriContent": "",
  "MMPeerUserName": "@@7f95b1cf95f44063fa7b141c4df9208407d42630038fa983affbb8c8fdd323e8",
  "MMDigest": "快乐不一定要笑:尼玛你们总是发些鸡巴尖叫的视频你妹的",
  "MMIsSend": false,
  "MMIsChatRoom": true,
  "MMUnread": true,
  "LocalID": "3045419225468021757",
  "ClientMsgId": "3045419225468021757",
  "MMActualContent": "尼玛你们总是发些鸡巴尖叫的视频你妹的",
  "MMActualSender": "@86a8fb41dea37168c559633fbd88eda8e81c52fbf31a9a79068f59c745a95538",
  "MMDigestTime": "21:55",
  "MMDisplayTime": 1494165304,
  "MMTime": "21:55"
}